     1                                  ;hello2.asm
     2                                  section .data
     3 00000000 68656C6C6F2C20776F-         msg     db      "hello, world1",0
     3 00000009 726C643100         
     4 0000000E 68656C6C6F2C20776F-         msg2    db      "hello, world2",10,0
     4 00000017 726C64320A00       
     5 0000001D 0A                          NL      db      0xa   ; ascii code for new line
     6                                  section .bss
     7                                  section .text
     8                                      global main
     9                                  main:
    10 00000000 B801000000                  mov     rax, 1      ; 1 = write
    11 00000005 BF01000000                  mov     rdi, 1      ; 1 = to stdout
    12 0000000A 48BE-                       mov     rsi, msg    ; string to display
    12 0000000C [0000000000000000] 
    13 00000014 BA0D000000                  mov     rdx, 13     ; length of string, without 0
    14 00000019 0F05                        syscall             ; display the string
    15 0000001B B801000000                  mov rax, 1          ; 1 = write
    16 00000020 BF01000000                  mov rdi, 1          ; 1 = to stdout
    17 00000025 48BE-                       mov rsi, NL         ; display new line
    17 00000027 [1D00000000000000] 
    18 0000002F BA01000000                  mov rdx, 1          ; length of the string
    19 00000034 0F05                        syscall             ; display the string
    20 00000036 B801000000                  mov     rax, 1      ; 1 = write
    21 0000003B BF01000000                  mov     rdi, 1      ; 1 = to stdout
    22 00000040 48BE-                       mov     rsi, msg2    ; string to display
    22 00000042 [0E00000000000000] 
    23 0000004A BA0F000000                  mov     rdx, 15     ; length of string
    24 0000004F 0F05                        syscall             ; display the string
    25 00000051 B83C000000                  mov rax, 60         ; 60 = exit
    26 00000056 BF00000000                  mov rdi, 0          ; 0 = success exit code
    27 0000005B 0F05                        syscall             ; quit
